2020-04-19 10:28:38.155118: I tensorflow/core/common_runtime/mlu/mlu_device.cc:390] __LOG_MLU__, Total Device Count: 4
2020-04-19 10:28:38.155213: I tensorflow/core/common_runtime/mlu/mlu_device.cc:391] __LOG_MLU__, Created device (/job:localhost/replica:0/task:0/device:MLU:0 -> physical MLU (device: 0, name: MLU)
2020-04-19 10:28:38.155235: I tensorflow/core/common_runtime/mlu/mlu_device.cc:132] __LOG_MLU__, channel: 0
2020-04-19 10:28:38.155250: I tensorflow/core/common_runtime/mlu/mlu_device.cc:133] __LOG_MLU__, save_offline_model: 0
2020-04-19 10:28:38.155266: I tensorflow/core/common_runtime/mlu/mlu_device.cc:139] __LOG_MLU__, core_version: C10
2020-04-19 10:28:38.155276: I tensorflow/core/common_runtime/mlu/mlu_device.cc:141] __LOG_MLU__, data_preprocess_strategy: CPU_MLU_BALANCE
2020-04-19 10:28:38.155292: I tensorflow/core/common_runtime/mlu/mlu_device.cc:144] __LOG_MLU__, data_parallelism: 1
2020-04-19 10:28:38.155303: I tensorflow/core/common_runtime/mlu/mlu_device.cc:147] __LOG_MLU__, model_parallelism: 32
2020-04-19 10:28:38.155470: I tensorflow/core/common_runtime/mlu/mlu_device.cc:390] __LOG_MLU__, Total Device Count: 4
2020-04-19 10:28:38.155482: I tensorflow/core/common_runtime/mlu/mlu_device.cc:391] __LOG_MLU__, Created device (/job:localhost/replica:0/task:0/device:MLU:1 -> physical MLU (device: 1, name: MLU)
2020-04-19 10:28:38.155494: I tensorflow/core/common_runtime/mlu/mlu_device.cc:132] __LOG_MLU__, channel: 0
2020-04-19 10:28:38.155504: I tensorflow/core/common_runtime/mlu/mlu_device.cc:133] __LOG_MLU__, save_offline_model: 0
2020-04-19 10:28:38.155509: I tensorflow/core/common_runtime/mlu/mlu_device.cc:139] __LOG_MLU__, core_version: C10
2020-04-19 10:28:38.155521: I tensorflow/core/common_runtime/mlu/mlu_device.cc:141] __LOG_MLU__, data_preprocess_strategy: CPU_MLU_BALANCE
2020-04-19 10:28:38.155534: I tensorflow/core/common_runtime/mlu/mlu_device.cc:144] __LOG_MLU__, data_parallelism: 1
2020-04-19 10:28:38.155544: I tensorflow/core/common_runtime/mlu/mlu_device.cc:147] __LOG_MLU__, model_parallelism: 32
2020-04-19 10:28:38.155667: I tensorflow/core/common_runtime/mlu/mlu_device.cc:390] __LOG_MLU__, Total Device Count: 4
2020-04-19 10:28:38.155680: I tensorflow/core/common_runtime/mlu/mlu_device.cc:391] __LOG_MLU__, Created device (/job:localhost/replica:0/task:0/device:MLU:2 -> physical MLU (device: 2, name: MLU)
2020-04-19 10:28:38.155692: I tensorflow/core/common_runtime/mlu/mlu_device.cc:132] __LOG_MLU__, channel: 0
2020-04-19 10:28:38.155702: I tensorflow/core/common_runtime/mlu/mlu_device.cc:133] __LOG_MLU__, save_offline_model: 0
2020-04-19 10:28:38.155712: I tensorflow/core/common_runtime/mlu/mlu_device.cc:139] __LOG_MLU__, core_version: C10
2020-04-19 10:28:38.155721: I tensorflow/core/common_runtime/mlu/mlu_device.cc:141] __LOG_MLU__, data_preprocess_strategy: CPU_MLU_BALANCE
2020-04-19 10:28:38.155736: I tensorflow/core/common_runtime/mlu/mlu_device.cc:144] __LOG_MLU__, data_parallelism: 1
2020-04-19 10:28:38.155745: I tensorflow/core/common_runtime/mlu/mlu_device.cc:147] __LOG_MLU__, model_parallelism: 32
2020-04-19 10:28:38.155857: I tensorflow/core/common_runtime/mlu/mlu_device.cc:390] __LOG_MLU__, Total Device Count: 4
2020-04-19 10:28:38.155869: I tensorflow/core/common_runtime/mlu/mlu_device.cc:391] __LOG_MLU__, Created device (/job:localhost/replica:0/task:0/device:MLU:3 -> physical MLU (device: 3, name: MLU)
2020-04-19 10:28:38.155881: I tensorflow/core/common_runtime/mlu/mlu_device.cc:132] __LOG_MLU__, channel: 0
2020-04-19 10:28:38.155889: I tensorflow/core/common_runtime/mlu/mlu_device.cc:133] __LOG_MLU__, save_offline_model: 0
2020-04-19 10:28:38.155902: I tensorflow/core/common_runtime/mlu/mlu_device.cc:139] __LOG_MLU__, core_version: C10
2020-04-19 10:28:38.155912: I tensorflow/core/common_runtime/mlu/mlu_device.cc:141] __LOG_MLU__, data_preprocess_strategy: CPU_MLU_BALANCE
2020-04-19 10:28:38.155927: I tensorflow/core/common_runtime/mlu/mlu_device.cc:144] __LOG_MLU__, data_parallelism: 1
2020-04-19 10:28:38.155936: I tensorflow/core/common_runtime/mlu/mlu_device.cc:147] __LOG_MLU__, model_parallelism: 32
2020-04-19 10:28:40.075093: I tensorflow/core/common_runtime/direct_session.cc:1551] IGNORE_DEVICE_PLACEMENT =
[Warning]:fusion input should not be const tensor
[Warning]:fusion input should not be const tensor
[Warning]:fusion input should not be const tensor
[Warning]:fusion input should not be const tensor
[Warning]:fusion input should not be const tensor
[Warning]:fusion input should not be const tensor
[Warning]:fusion input should not be const tensor
[Warning]:fusion input should not be const tensor
[Warning]:fusion input should not be const tensor
[Warning]:fusion input should not be const tensor
[Warning]:fusion input should not be const tensor
[Warning]:fusion input should not be const tensor
[Warning]:fusion input should not be const tensor
[Warning]:fusion input should not be const tensor
[Warning]:fusion input should not be const tensor
[Warning]:fusion input should not be const tensor
[Warning]:fusion input should not be const tensor
[Warning]:fusion input should not be const tensor
[Warning]:fusion input should not be const tensor
[Warning]:fusion input should not be const tensor
[Warning]:fusion input should not be const tensor
[Warning]:fusion input should not be const tensor
[Warning]:fusion input should not be const tensor
[Warning]:fusion input should not be const tensor
[Warning]:fusion input should not be const tensor
[Warning]:fusion input should not be const tensor
[Warning]:fusion input should not be const tensor
[Warning]:fusion input should not be const tensor
[Warning]:fusion input should not be const tensor
[Warning]:fusion input should not be const tensor
[Warning]:fusion input should not be const tensor
[Warning]:fusion input should not be const tensor
[Warning]:fusion input should not be const tensor
[Warning]:fusion input should not be const tensor
[Warning]:fusion input should not be const tensor
[Warning]:fusion input should not be const tensor
[Warning]:fusion input should not be const tensor
[Warning]:fusion input should not be const tensor
[Warning]:fusion input should not be const tensor
[Warning]:fusion input should not be const tensor
[Warning]:fusion input should not be const tensor
[Warning]:fusion input should not be const tensor
[Warning]:fusion input should not be const tensor
[Warning]:fusion input should not be const tensor
[Warning]:fusion input should not be const tensor
[Warning]:fusion input should not be const tensor
[Warning]:fusion input should not be const tensor
[Warning]:fusion input should not be const tensor
[Warning]:fusion input should not be const tensor
[Warning]:fusion input should not be const tensor
[Warning]:fusion input should not be const tensor
[Warning]:fusion input should not be const tensor
[Warning]:fusion input should not be const tensor
[Warning]:fusion input should not be const tensor
[Warning]:fusion input should not be const tensor
[Warning]:fusion input should not be const tensor
[Warning]:fusion input should not be const tensor
[Warning]:fusion input should not be const tensor
[Warning]:fusion input should not be const tensor
[Warning]:fusion input should not be const tensor
[Warning]:fusion input should not be const tensor
[Warning]:fusion input should not be const tensor
[Warning]:fusion input should not be const tensor
[Warning]:fusion input should not be const tensor
[Warning]:fusion input should not be const tensor
[Warning]:fusion input should not be const tensor
[Warning]:fusion input should not be const tensor
[Warning]:fusion input should not be const tensor
[Warning]:fusion input should not be const tensor
[Warning]:fusion input should not be const tensor
[Warning]:fusion input should not be const tensor
[Warning]:fusion input should not be const tensor
[Warning]:fusion input should not be const tensor
[Warning]:fusion input should not be const tensor
[Warning]:fusion input should not be const tensor
[Warning]:fusion input should not be const tensor
[Warning]:fusion input should not be const tensor
[Warning]:fusion input should not be const tensor
[Warning]:fusion input should not be const tensor
[Warning]:fusion input should not be const tensor
[Warning]:fusion input should not be const tensor
[Warning]:fusion input should not be const tensor
[Warning]:fusion input should not be const tensor
[Warning]:fusion input should not be const tensor
[Warning]:fusion input should not be const tensor
[Warning]:fusion input should not be const tensor
[Warning]:fusion input should not be const tensor
[Warning]:fusion input should not be const tensor
[Warning]:fusion input should not be const tensor
[Warning]:fusion input should not be const tensor
[Warning]:fusion input should not be const tensor
[Warning]:fusion input should not be const tensor
[Warning]:fusion input should not be const tensor
[Warning]:fusion input should not be const tensor
[I 200419 10:29:09 web:2162] 200 POST /v1/models/inception_v3:predict (127.0.0.1) 31676.71ms